<?xml version="1.0" encoding="UTF-8"?>
<!-- Generated by org.testng.reporters.JUnitXMLReporter -->
<testsuite ignored="0" hostname="DESKTOP-J0IEVFN" failures="1" tests="13" name="Test" time="293.591" errors="0" timestamp="2022-08-07T15:50:37 IST">
  <testcase classname="bs_testcase.Add_Address_Test" name="add_Address_Test" time="24.482"/>
  <testcase classname="bs_testcase.Change_PasswordTest" name="request_a_bookTest" time="10.162">
    <failure type="org.openqa.selenium.NoSuchElementException" message="no such element: Unable to locate element: {&amp;quot;method&amp;quot;:&amp;quot;link text&amp;quot;,&amp;quot;selector&amp;quot;:&amp;quot;Change Password&amp;quot;}
  (Session info: chrome=103.0.5060.134)
For documentation on this error, please visit: https://selenium.dev/exceptions/#no_such_element
Build info: version: &amp;apos;4.1.4&amp;apos;, revision: &amp;apos;535d840ee2&amp;apos;
System info: host: &amp;apos;DESKTOP-J0IEVFN&amp;apos;, ip: &amp;apos;192.168.247.14&amp;apos;, os.name: &amp;apos;Windows 10&amp;apos;, os.arch: &amp;apos;amd64&amp;apos;, os.version: &amp;apos;10.0&amp;apos;, java.version: &amp;apos;17.0.3&amp;apos;
Driver info: org.openqa.selenium.chrome.ChromeDriver
Command: [08a38cc2cef70459431a01dbf4c33d4f, findElement {using=link text, value=Change Password}]
Capabilities {acceptInsecureCerts: false, browserName: chrome, browserVersion: 103.0.5060.134, chrome: {chromedriverVersion: 103.0.5060.53 (a1711811edd7..., userDataDir: C:\Users\user\AppData\Local...}, goog:chromeOptions: {debuggerAddress: localhost:50308}, javascriptEnabled: true, networkConnectionEnabled: false, pageLoadStrategy: normal, platform: WINDOWS, platformName: WINDOWS, proxy: Proxy(), se:cdp: ws://localhost:50308/devtoo..., se:cdpVersion: 103.0.5060.134, setWindowRect: true, strictFileInteractability: false, timeouts: {implicit: 0, pageLoad: 300000, script: 30000}, unhandledPromptBehavior: dismiss and notify, webauthn:extension:credBlob: true, webauthn:extension:largeBlob: true, webauthn:virtualAuthenticators: true}
Session ID: 08a38cc2cef70459431a01dbf4c33d4f">
      <![CDATA[org.openqa.selenium.NoSuchElementException: no such element: Unable to locate element: {"method":"link text","selector":"Change Password"}
  (Session info: chrome=103.0.5060.134)
For documentation on this error, please visit: https://selenium.dev/exceptions/#no_such_element
Build info: version: '4.1.4', revision: '535d840ee2'
System info: host: 'DESKTOP-J0IEVFN', ip: '192.168.247.14', os.name: 'Windows 10', os.arch: 'amd64', os.version: '10.0', java.version: '17.0.3'
Driver info: org.openqa.selenium.chrome.ChromeDriver
Command: [08a38cc2cef70459431a01dbf4c33d4f, findElement {using=link text, value=Change Password}]
Capabilities {acceptInsecureCerts: false, browserName: chrome, browserVersion: 103.0.5060.134, chrome: {chromedriverVersion: 103.0.5060.53 (a1711811edd7..., userDataDir: C:\Users\user\AppData\Local...}, goog:chromeOptions: {debuggerAddress: localhost:50308}, javascriptEnabled: true, networkConnectionEnabled: false, pageLoadStrategy: normal, platform: WINDOWS, platformName: WINDOWS, proxy: Proxy(), se:cdp: ws://localhost:50308/devtoo..., se:cdpVersion: 103.0.5060.134, setWindowRect: true, strictFileInteractability: false, timeouts: {implicit: 0, pageLoad: 300000, script: 30000}, unhandledPromptBehavior: dismiss and notify, webauthn:extension:credBlob: true, webauthn:extension:largeBlob: true, webauthn:virtualAuthenticators: true}
Session ID: 08a38cc2cef70459431a01dbf4c33d4f
at org.openqa.selenium.remote.codec.w3c.W3CHttpResponseCodec.createException(W3CHttpResponseCodec.java:200)
at org.openqa.selenium.remote.codec.w3c.W3CHttpResponseCodec.decode(W3CHttpResponseCodec.java:133)
at org.openqa.selenium.remote.codec.w3c.W3CHttpResponseCodec.decode(W3CHttpResponseCodec.java:53)
at org.openqa.selenium.remote.HttpCommandExecutor.execute(HttpCommandExecutor.java:184)
at org.openqa.selenium.remote.service.DriverCommandExecutor.invokeExecute(DriverCommandExecutor.java:167)
at org.openqa.selenium.remote.service.DriverCommandExecutor.execute(DriverCommandExecutor.java:142)
at org.openqa.selenium.remote.RemoteWebDriver.execute(RemoteWebDriver.java:567)
at org.openqa.selenium.remote.ElementLocation$ElementFinder$2.findElement(ElementLocation.java:162)
at org.openqa.selenium.remote.ElementLocation.findElement(ElementLocation.java:60)
at org.openqa.selenium.remote.RemoteWebDriver.findElement(RemoteWebDriver.java:385)
at org.openqa.selenium.remote.RemoteWebDriver.findElement(RemoteWebDriver.java:377)
at org.openqa.selenium.support.pagefactory.DefaultElementLocator.findElement(DefaultElementLocator.java:70)
at org.openqa.selenium.support.pagefactory.internal.LocatingElementHandler.invoke(LocatingElementHandler.java:39)
at jdk.proxy2/jdk.proxy2.$Proxy22.click(Unknown Source)
at bs_pages.Change_Password.change_password(Change_Password.java:33)
at bs_testcase.Change_PasswordTest.request_a_bookTest(Change_PasswordTest.java:51)
at java.base/java.util.ArrayList.forEach(ArrayList.java:1511)
... Removed 32 stack frames]]>
    </failure>
  </testcase> <!-- request_a_bookTest -->
  <testcase classname="bs_testcase.Login_PageTest" name="loginTest" time="1.116"/>
  <testcase classname="bs_testcase.Login_PageTest" name="MultipleUserLoginTest" time="0.322"/>
  <testcase classname="bs_testcase.Login_PageTest" name="MultipleUserLoginTest" time="0.327"/>
  <testcase classname="bs_testcase.Login_PageTest" name="MultipleUserLoginTest" time="0.303"/>
  <testcase classname="bs_testcase.Request_BookTest" name="request_a_bookTest" time="3.563"/>
  <testcase classname="bs_testcase.Request_BookTest" name="request_a_bookTest" time="4.606"/>
  <testcase classname="bs_testcase.WishListTest" name="feature_authTest" time="2.159"/>
  <testcase classname="bs_testcase.WishListTest" name="search_BookNameTest" time="3.389"/>
  <testcase classname="bs_testcase.WishListTest" name="addWishlist_AuthorNameTest" time="2.176"/>
  <testcase classname="bs_testcase.WishListTest" name="addWishlist_PublisherTest" time="3.03"/>
  <testcase classname="bs_testcase.WishListTest" name="wishlist_Test" time="1.257"/>
</testsuite> <!-- Test -->
