<?xml version="1.0" encoding="UTF-8"?>
<testng-results ignored="0" total="13" passed="12" failed="1" skipped="0">
  <reporter-output>
  </reporter-output>
  <suite started-at="2022-08-07T09:42:14 IST" name="Suite" finished-at="2022-08-07T09:50:47 IST" duration-ms="512510">
    <groups>
    </groups>
    <test started-at="2022-08-07T09:42:14 IST" name="Test" finished-at="2022-08-07T09:50:47 IST" duration-ms="512510">
      <class name="bs_testcase.Add_Address_Test">
        <test-method is-config="true" signature="setUp()[pri:0, instance:bs_testcase.Add_Address_Test@340da44c]" started-at="2022-08-07T09:42:16 IST" name="setUp" finished-at="2022-08-07T09:42:50 IST" duration-ms="34893" status="PASS">
          <reporter-output>
          </reporter-output>
        </test-method> <!-- setUp -->
        <test-method signature="add_Address_Test(java.lang.String,java.lang.String,java.lang.String,java.lang.String,java.lang.String)[pri:0, instance:bs_testcase.Add_Address_Test@340da44c]" started-at="2022-08-07T09:42:51 IST" name="add_Address_Test" data-provider="getLoginTestData" finished-at="2022-08-07T09:43:24 IST" duration-ms="33201" status="PASS">
          <params>
            <param index="0">
              <value>
                <![CDATA[Naveen]]>
              </value>
            </param>
            <param index="1">
              <value>
                <![CDATA[ Nady st,]]>
              </value>
            </param>
            <param index="2">
              <value>
                <![CDATA[India]]>
              </value>
            </param>
            <param index="3">
              <value>
                <![CDATA[ Tamil Nadu]]>
              </value>
            </param>
            <param index="4">
              <value>
                <![CDATA[ Salem]]>
              </value>
            </param>
          </params>
          <reporter-output>
          </reporter-output>
        </test-method> <!-- add_Address_Test -->
        <test-method is-config="true" signature="tearDown()[pri:0, instance:bs_testcase.Add_Address_Test@340da44c]" started-at="2022-08-07T09:43:24 IST" name="tearDown" finished-at="2022-08-07T09:43:30 IST" duration-ms="5601" status="PASS">
          <reporter-output>
          </reporter-output>
        </test-method> <!-- tearDown -->
      </class> <!-- bs_testcase.Add_Address_Test -->
      <class name="bs_testcase.WishListTest">
        <test-method is-config="true" signature="setUp()[pri:0, instance:bs_testcase.WishListTest@544820b7]" started-at="2022-08-07T09:46:44 IST" name="setUp" finished-at="2022-08-07T09:47:02 IST" duration-ms="17450" status="PASS">
          <reporter-output>
          </reporter-output>
        </test-method> <!-- setUp -->
        <test-method signature="feature_authTest()[pri:1, instance:bs_testcase.WishListTest@544820b7]" started-at="2022-08-07T09:47:02 IST" name="feature_authTest" finished-at="2022-08-07T09:47:20 IST" duration-ms="18466" status="PASS">
          <reporter-output>
          </reporter-output>
        </test-method> <!-- feature_authTest -->
        <test-method is-config="true" signature="tearDown()[pri:0, instance:bs_testcase.WishListTest@544820b7]" started-at="2022-08-07T09:47:20 IST" name="tearDown" finished-at="2022-08-07T09:47:26 IST" duration-ms="5305" status="PASS">
          <reporter-output>
          </reporter-output>
        </test-method> <!-- tearDown -->
        <test-method is-config="true" signature="setUp()[pri:0, instance:bs_testcase.WishListTest@544820b7]" started-at="2022-08-07T09:47:26 IST" name="setUp" finished-at="2022-08-07T09:47:38 IST" duration-ms="12550" status="PASS">
          <reporter-output>
          </reporter-output>
        </test-method> <!-- setUp -->
        <test-method signature="search_BookNameTest()[pri:2, instance:bs_testcase.WishListTest@544820b7]" started-at="2022-08-07T09:47:38 IST" name="search_BookNameTest" finished-at="2022-08-07T09:47:55 IST" duration-ms="16862" status="PASS">
          <reporter-output>
          </reporter-output>
        </test-method> <!-- search_BookNameTest -->
        <test-method is-config="true" signature="tearDown()[pri:0, instance:bs_testcase.WishListTest@544820b7]" started-at="2022-08-07T09:47:55 IST" name="tearDown" finished-at="2022-08-07T09:48:01 IST" duration-ms="5335" status="PASS">
          <reporter-output>
          </reporter-output>
        </test-method> <!-- tearDown -->
        <test-method is-config="true" signature="setUp()[pri:0, instance:bs_testcase.WishListTest@544820b7]" started-at="2022-08-07T09:48:01 IST" name="setUp" finished-at="2022-08-07T09:48:19 IST" duration-ms="18695" status="PASS">
          <reporter-output>
          </reporter-output>
        </test-method> <!-- setUp -->
        <test-method signature="addWishlist_AuthorNameTest()[pri:3, instance:bs_testcase.WishListTest@544820b7]" started-at="2022-08-07T09:48:19 IST" name="addWishlist_AuthorNameTest" finished-at="2022-08-07T09:48:55 IST" duration-ms="35172" status="PASS">
          <reporter-output>
          </reporter-output>
        </test-method> <!-- addWishlist_AuthorNameTest -->
        <test-method is-config="true" signature="tearDown()[pri:0, instance:bs_testcase.WishListTest@544820b7]" started-at="2022-08-07T09:48:55 IST" name="tearDown" finished-at="2022-08-07T09:49:00 IST" duration-ms="5299" status="PASS">
          <reporter-output>
          </reporter-output>
        </test-method> <!-- tearDown -->
        <test-method is-config="true" signature="setUp()[pri:0, instance:bs_testcase.WishListTest@544820b7]" started-at="2022-08-07T09:49:00 IST" name="setUp" finished-at="2022-08-07T09:49:36 IST" duration-ms="35882" status="PASS">
          <reporter-output>
          </reporter-output>
        </test-method> <!-- setUp -->
        <test-method signature="addWishlist_PublisherTest()[pri:4, instance:bs_testcase.WishListTest@544820b7]" started-at="2022-08-07T09:49:36 IST" name="addWishlist_PublisherTest" finished-at="2022-08-07T09:50:13 IST" duration-ms="37159" status="PASS">
          <reporter-output>
          </reporter-output>
        </test-method> <!-- addWishlist_PublisherTest -->
        <test-method is-config="true" signature="tearDown()[pri:0, instance:bs_testcase.WishListTest@544820b7]" started-at="2022-08-07T09:50:13 IST" name="tearDown" finished-at="2022-08-07T09:50:19 IST" duration-ms="5329" status="PASS">
          <reporter-output>
          </reporter-output>
        </test-method> <!-- tearDown -->
        <test-method is-config="true" signature="setUp()[pri:0, instance:bs_testcase.WishListTest@544820b7]" started-at="2022-08-07T09:50:19 IST" name="setUp" finished-at="2022-08-07T09:50:34 IST" duration-ms="15250" status="PASS">
          <reporter-output>
          </reporter-output>
        </test-method> <!-- setUp -->
        <test-method signature="wishlist_Test()[pri:5, instance:bs_testcase.WishListTest@544820b7]" started-at="2022-08-07T09:50:34 IST" name="wishlist_Test" finished-at="2022-08-07T09:50:41 IST" duration-ms="7290" status="PASS">
          <reporter-output>
          </reporter-output>
        </test-method> <!-- wishlist_Test -->
        <test-method is-config="true" signature="tearDown()[pri:0, instance:bs_testcase.WishListTest@544820b7]" started-at="2022-08-07T09:50:41 IST" name="tearDown" finished-at="2022-08-07T09:50:47 IST" duration-ms="5322" status="PASS">
          <reporter-output>
          </reporter-output>
        </test-method> <!-- tearDown -->
      </class> <!-- bs_testcase.WishListTest -->
      <class name="bs_testcase.Change_PasswordTest">
        <test-method is-config="true" signature="setUp()[pri:0, instance:bs_testcase.Change_PasswordTest@319bc845]" started-at="2022-08-07T09:43:30 IST" name="setUp" finished-at="2022-08-07T09:43:46 IST" duration-ms="16014" status="PASS">
          <reporter-output>
          </reporter-output>
        </test-method> <!-- setUp -->
        <test-method signature="request_a_bookTest(java.lang.String,java.lang.String,java.lang.String)[pri:0, instance:bs_testcase.Change_PasswordTest@319bc845]" started-at="2022-08-07T09:43:46 IST" name="request_a_bookTest" data-provider="getLoginTestData" finished-at="2022-08-07T09:43:54 IST" duration-ms="7594" status="PASS">
          <params>
            <param index="0">
              <value>
                <![CDATA[mylikanna45]]>
              </value>
            </param>
            <param index="1">
              <value>
                <![CDATA[mylikanna45]]>
              </value>
            </param>
            <param index="2">
              <value>
                <![CDATA[mylikanna45]]>
              </value>
            </param>
          </params>
          <reporter-output>
          </reporter-output>
        </test-method> <!-- request_a_bookTest -->
        <test-method is-config="true" signature="tearDown()[pri:0, instance:bs_testcase.Change_PasswordTest@319bc845]" started-at="2022-08-07T09:43:54 IST" name="tearDown" finished-at="2022-08-07T09:43:59 IST" duration-ms="5352" status="PASS">
          <reporter-output>
          </reporter-output>
        </test-method> <!-- tearDown -->
      </class> <!-- bs_testcase.Change_PasswordTest -->
      <class name="bs_testcase.Login_PageTest">
        <test-method is-config="true" signature="setUp()[pri:0, instance:bs_testcase.Login_PageTest@4c5474f5]" started-at="2022-08-07T09:43:59 IST" name="setUp" finished-at="2022-08-07T09:44:09 IST" duration-ms="9577" status="PASS">
          <reporter-output>
          </reporter-output>
        </test-method> <!-- setUp -->
        <test-method signature="loginTest()[pri:1, instance:bs_testcase.Login_PageTest@4c5474f5]" started-at="2022-08-07T09:44:09 IST" name="loginTest" finished-at="2022-08-07T09:44:19 IST" duration-ms="10060" status="FAIL">
          <exception class="org.openqa.selenium.NoSuchElementException">
            <message>
              <![CDATA[no such element: Unable to locate element: {"method":"xpath","selector":"//input[@id='ctl00_phBody_SignIn_txtEmail']"}
  (Session info: chrome=103.0.5060.134)
For documentation on this error, please visit: https://selenium.dev/exceptions/#no_such_element
Build info: version: '4.1.4', revision: '535d840ee2'
System info: host: 'DESKTOP-J0IEVFN', ip: '192.168.1.100', os.name: 'Windows 10', os.arch: 'amd64', os.version: '10.0', java.version: '17.0.3'
Driver info: org.openqa.selenium.chrome.ChromeDriver
Command: [4b77c764dc1f6542f6afabbe7e61909f, findElement {using=xpath, value=//input[@id='ctl00_phBody_SignIn_txtEmail']}]
Capabilities {acceptInsecureCerts: false, browserName: chrome, browserVersion: 103.0.5060.134, chrome: {chromedriverVersion: 103.0.5060.53 (a1711811edd7..., userDataDir: C:\Users\user\AppData\Local...}, goog:chromeOptions: {debuggerAddress: localhost:56020}, javascriptEnabled: true, networkConnectionEnabled: false, pageLoadStrategy: normal, platform: WINDOWS, platformName: WINDOWS, proxy: Proxy(), se:cdp: ws://localhost:56020/devtoo..., se:cdpVersion: 103.0.5060.134, setWindowRect: true, strictFileInteractability: false, timeouts: {implicit: 0, pageLoad: 300000, script: 30000}, unhandledPromptBehavior: dismiss and notify, webauthn:extension:credBlob: true, webauthn:extension:largeBlob: true, webauthn:virtualAuthenticators: true}
Session ID: 4b77c764dc1f6542f6afabbe7e61909f]]>
            </message>
            <full-stacktrace>
              <![CDATA[org.openqa.selenium.NoSuchElementException: no such element: Unable to locate element: {"method":"xpath","selector":"//input[@id='ctl00_phBody_SignIn_txtEmail']"}
  (Session info: chrome=103.0.5060.134)
For documentation on this error, please visit: https://selenium.dev/exceptions/#no_such_element
Build info: version: '4.1.4', revision: '535d840ee2'
System info: host: 'DESKTOP-J0IEVFN', ip: '192.168.1.100', os.name: 'Windows 10', os.arch: 'amd64', os.version: '10.0', java.version: '17.0.3'
Driver info: org.openqa.selenium.chrome.ChromeDriver
Command: [4b77c764dc1f6542f6afabbe7e61909f, findElement {using=xpath, value=//input[@id='ctl00_phBody_SignIn_txtEmail']}]
Capabilities {acceptInsecureCerts: false, browserName: chrome, browserVersion: 103.0.5060.134, chrome: {chromedriverVersion: 103.0.5060.53 (a1711811edd7..., userDataDir: C:\Users\user\AppData\Local...}, goog:chromeOptions: {debuggerAddress: localhost:56020}, javascriptEnabled: true, networkConnectionEnabled: false, pageLoadStrategy: normal, platform: WINDOWS, platformName: WINDOWS, proxy: Proxy(), se:cdp: ws://localhost:56020/devtoo..., se:cdpVersion: 103.0.5060.134, setWindowRect: true, strictFileInteractability: false, timeouts: {implicit: 0, pageLoad: 300000, script: 30000}, unhandledPromptBehavior: dismiss and notify, webauthn:extension:credBlob: true, webauthn:extension:largeBlob: true, webauthn:virtualAuthenticators: true}
Session ID: 4b77c764dc1f6542f6afabbe7e61909f
at java.base/jdk.internal.reflect.NativeConstructorAccessorImpl.newInstance0(Native Method)
at java.base/jdk.internal.reflect.NativeConstructorAccessorImpl.newInstance(NativeConstructorAccessorImpl.java:77)
at java.base/jdk.internal.reflect.DelegatingConstructorAccessorImpl.newInstance(DelegatingConstructorAccessorImpl.java:45)
at java.base/java.lang.reflect.Constructor.newInstanceWithCaller(Constructor.java:499)
at java.base/java.lang.reflect.Constructor.newInstance(Constructor.java:480)
at org.openqa.selenium.remote.codec.w3c.W3CHttpResponseCodec.createException(W3CHttpResponseCodec.java:200)
at org.openqa.selenium.remote.codec.w3c.W3CHttpResponseCodec.decode(W3CHttpResponseCodec.java:133)
at org.openqa.selenium.remote.codec.w3c.W3CHttpResponseCodec.decode(W3CHttpResponseCodec.java:53)
at org.openqa.selenium.remote.HttpCommandExecutor.execute(HttpCommandExecutor.java:184)
at org.openqa.selenium.remote.service.DriverCommandExecutor.invokeExecute(DriverCommandExecutor.java:167)
at org.openqa.selenium.remote.service.DriverCommandExecutor.execute(DriverCommandExecutor.java:142)
at org.openqa.selenium.remote.RemoteWebDriver.execute(RemoteWebDriver.java:567)
at org.openqa.selenium.remote.ElementLocation$ElementFinder$2.findElement(ElementLocation.java:162)
at org.openqa.selenium.remote.ElementLocation.findElement(ElementLocation.java:60)
at org.openqa.selenium.remote.RemoteWebDriver.findElement(RemoteWebDriver.java:385)
at org.openqa.selenium.remote.RemoteWebDriver.findElement(RemoteWebDriver.java:377)
at org.openqa.selenium.support.pagefactory.DefaultElementLocator.findElement(DefaultElementLocator.java:70)
at org.openqa.selenium.support.pagefactory.internal.LocatingElementHandler.invoke(LocatingElementHandler.java:39)
at jdk.proxy2/jdk.proxy2.$Proxy22.sendKeys(Unknown Source)
at bs_pages.Login_Page.login(Login_Page.java:28)
at bs_testcase.Login_PageTest.loginTest(Login_PageTest.java:38)
at java.base/jdk.internal.reflect.NativeMethodAccessorImpl.invoke0(Native Method)
at java.base/jdk.internal.reflect.NativeMethodAccessorImpl.invoke(NativeMethodAccessorImpl.java:77)
at java.base/jdk.internal.reflect.DelegatingMethodAccessorImpl.invoke(DelegatingMethodAccessorImpl.java:43)
at java.base/java.lang.reflect.Method.invoke(Method.java:568)
at org.testng.internal.MethodInvocationHelper.invokeMethod(MethodInvocationHelper.java:133)
at org.testng.internal.TestInvoker.invokeMethod(TestInvoker.java:598)
at org.testng.internal.TestInvoker.invokeTestMethod(TestInvoker.java:173)
at org.testng.internal.MethodRunner.runInSequence(MethodRunner.java:46)
at org.testng.internal.TestInvoker$MethodInvocationAgent.invoke(TestInvoker.java:824)
at org.testng.internal.TestInvoker.invokeTestMethods(TestInvoker.java:146)
at org.testng.internal.TestMethodWorker.invokeTestMethods(TestMethodWorker.java:146)
at org.testng.internal.TestMethodWorker.run(TestMethodWorker.java:128)
at java.base/java.util.ArrayList.forEach(ArrayList.java:1511)
at org.testng.TestRunner.privateRun(TestRunner.java:794)
at org.testng.TestRunner.run(TestRunner.java:596)
at org.testng.SuiteRunner.runTest(SuiteRunner.java:377)
at org.testng.SuiteRunner.runSequentially(SuiteRunner.java:371)
at org.testng.SuiteRunner.privateRun(SuiteRunner.java:332)
at org.testng.SuiteRunner.run(SuiteRunner.java:276)
at org.testng.SuiteRunnerWorker.runSuite(SuiteRunnerWorker.java:53)
at org.testng.SuiteRunnerWorker.run(SuiteRunnerWorker.java:96)
at org.testng.TestNG.runSuitesSequentially(TestNG.java:1212)
at org.testng.TestNG.runSuitesLocally(TestNG.java:1134)
at org.testng.TestNG.runSuites(TestNG.java:1063)
at org.testng.TestNG.run(TestNG.java:1031)
at org.testng.remote.AbstractRemoteTestNG.run(AbstractRemoteTestNG.java:115)
at org.testng.remote.RemoteTestNG.initAndRun(RemoteTestNG.java:251)
at org.testng.remote.RemoteTestNG.main(RemoteTestNG.java:77)
]]>
            </full-stacktrace>
          </exception> <!-- org.openqa.selenium.NoSuchElementException -->
          <reporter-output>
          </reporter-output>
        </test-method> <!-- loginTest -->
        <test-method is-config="true" signature="tearDown()[pri:0, instance:bs_testcase.Login_PageTest@4c5474f5]" started-at="2022-08-07T09:44:19 IST" name="tearDown" finished-at="2022-08-07T09:44:24 IST" duration-ms="5333" status="PASS">
          <reporter-output>
          </reporter-output>
        </test-method> <!-- tearDown -->
        <test-method is-config="true" signature="setUp()[pri:0, instance:bs_testcase.Login_PageTest@4c5474f5]" started-at="2022-08-07T09:44:24 IST" name="setUp" finished-at="2022-08-07T09:44:36 IST" duration-ms="11370" status="PASS">
          <reporter-output>
          </reporter-output>
        </test-method> <!-- setUp -->
        <test-method signature="MultipleUserLoginTest(java.lang.String,java.lang.String)[pri:2, instance:bs_testcase.Login_PageTest@4c5474f5]" started-at="2022-08-07T09:44:36 IST" name="MultipleUserLoginTest" data-provider="getLoginTestData" finished-at="2022-08-07T09:44:39 IST" duration-ms="3628" status="PASS">
          <params>
            <param index="0">
              <value>
                <![CDATA[mythiliannamalai45@gmail.com]]>
              </value>
            </param>
            <param index="1">
              <value>
                <![CDATA[mylikanna45]]>
              </value>
            </param>
          </params>
          <reporter-output>
          </reporter-output>
        </test-method> <!-- MultipleUserLoginTest -->
        <test-method is-config="true" signature="tearDown()[pri:0, instance:bs_testcase.Login_PageTest@4c5474f5]" started-at="2022-08-07T09:44:40 IST" name="tearDown" finished-at="2022-08-07T09:44:46 IST" duration-ms="6244" status="PASS">
          <reporter-output>
          </reporter-output>
        </test-method> <!-- tearDown -->
        <test-method is-config="true" signature="setUp()[pri:0, instance:bs_testcase.Login_PageTest@4c5474f5]" started-at="2022-08-07T09:44:46 IST" name="setUp" finished-at="2022-08-07T09:45:01 IST" duration-ms="15087" status="PASS">
          <reporter-output>
          </reporter-output>
        </test-method> <!-- setUp -->
        <test-method signature="MultipleUserLoginTest(java.lang.String,java.lang.String)[pri:2, instance:bs_testcase.Login_PageTest@4c5474f5]" started-at="2022-08-07T09:45:01 IST" name="MultipleUserLoginTest" data-provider="getLoginTestData" finished-at="2022-08-07T09:45:01 IST" duration-ms="333" status="PASS">
          <params>
            <param index="0">
              <value>
                <![CDATA[mythilinaveenkumar45@gmail.com]]>
              </value>
            </param>
            <param index="1">
              <value>
                <![CDATA[mylikanna45]]>
              </value>
            </param>
          </params>
          <reporter-output>
          </reporter-output>
        </test-method> <!-- MultipleUserLoginTest -->
        <test-method is-config="true" signature="tearDown()[pri:0, instance:bs_testcase.Login_PageTest@4c5474f5]" started-at="2022-08-07T09:45:01 IST" name="tearDown" finished-at="2022-08-07T09:45:07 IST" duration-ms="5424" status="PASS">
          <reporter-output>
          </reporter-output>
        </test-method> <!-- tearDown -->
        <test-method is-config="true" signature="setUp()[pri:0, instance:bs_testcase.Login_PageTest@4c5474f5]" started-at="2022-08-07T09:45:07 IST" name="setUp" finished-at="2022-08-07T09:45:32 IST" duration-ms="24811" status="PASS">
          <reporter-output>
          </reporter-output>
        </test-method> <!-- setUp -->
        <test-method signature="MultipleUserLoginTest(java.lang.String,java.lang.String)[pri:2, instance:bs_testcase.Login_PageTest@4c5474f5]" started-at="2022-08-07T09:45:32 IST" name="MultipleUserLoginTest" data-provider="getLoginTestData" finished-at="2022-08-07T09:45:32 IST" duration-ms="324" status="PASS">
          <params>
            <param index="0">
              <value>
                <![CDATA[kirubasumathi45@gmail.com]]>
              </value>
            </param>
            <param index="1">
              <value>
                <![CDATA[mylikanna45]]>
              </value>
            </param>
          </params>
          <reporter-output>
          </reporter-output>
        </test-method> <!-- MultipleUserLoginTest -->
        <test-method is-config="true" signature="tearDown()[pri:0, instance:bs_testcase.Login_PageTest@4c5474f5]" started-at="2022-08-07T09:45:32 IST" name="tearDown" finished-at="2022-08-07T09:45:37 IST" duration-ms="5340" status="PASS">
          <reporter-output>
          </reporter-output>
        </test-method> <!-- tearDown -->
      </class> <!-- bs_testcase.Login_PageTest -->
      <class name="bs_testcase.Request_BookTest">
        <test-method is-config="true" signature="setUp()[pri:0, instance:bs_testcase.Request_BookTest@2f4205be]" started-at="2022-08-07T09:45:37 IST" name="setUp" finished-at="2022-08-07T09:45:50 IST" duration-ms="12422" status="PASS">
          <reporter-output>
          </reporter-output>
        </test-method> <!-- setUp -->
        <test-method signature="request_a_bookTest(java.lang.String,java.lang.String)[pri:0, instance:bs_testcase.Request_BookTest@2f4205be]" started-at="2022-08-07T09:45:50 IST" name="request_a_bookTest" data-provider="getLoginTestData" finished-at="2022-08-07T09:46:04 IST" duration-ms="14081" status="PASS">
          <params>
            <param index="0">
              <value>
                <![CDATA[Mythili-87194]]>
              </value>
            </param>
            <param index="1">
              <value>
                <![CDATA[mahabaratham]]>
              </value>
            </param>
          </params>
          <reporter-output>
          </reporter-output>
        </test-method> <!-- request_a_bookTest -->
        <test-method is-config="true" signature="tearDown()[pri:0, instance:bs_testcase.Request_BookTest@2f4205be]" started-at="2022-08-07T09:46:04 IST" name="tearDown" finished-at="2022-08-07T09:46:10 IST" duration-ms="6201" status="PASS">
          <reporter-output>
          </reporter-output>
        </test-method> <!-- tearDown -->
        <test-method is-config="true" signature="setUp()[pri:0, instance:bs_testcase.Request_BookTest@2f4205be]" started-at="2022-08-07T09:46:10 IST" name="setUp" finished-at="2022-08-07T09:46:28 IST" duration-ms="17259" status="PASS">
          <reporter-output>
          </reporter-output>
        </test-method> <!-- setUp -->
        <test-method signature="request_a_bookTest(java.lang.String,java.lang.String)[pri:0, instance:bs_testcase.Request_BookTest@2f4205be]" started-at="2022-08-07T09:46:28 IST" name="request_a_bookTest" data-provider="getLoginTestData" finished-at="2022-08-07T09:46:39 IST" duration-ms="11243" status="PASS">
          <params>
            <param index="0">
              <value>
                <![CDATA[Mythili-87195]]>
              </value>
            </param>
            <param index="1">
              <value>
                <![CDATA[Be Kind]]>
              </value>
            </param>
          </params>
          <reporter-output>
          </reporter-output>
        </test-method> <!-- request_a_bookTest -->
        <test-method is-config="true" signature="tearDown()[pri:0, instance:bs_testcase.Request_BookTest@2f4205be]" started-at="2022-08-07T09:46:39 IST" name="tearDown" finished-at="2022-08-07T09:46:44 IST" duration-ms="5313" status="PASS">
          <reporter-output>
          </reporter-output>
        </test-method> <!-- tearDown -->
      </class> <!-- bs_testcase.Request_BookTest -->
    </test> <!-- Test -->
  </suite> <!-- Suite -->
</testng-results>
